<?xml version="1.0" encoding="UTF-8"?>
<!-- Generated by org.testng.reporters.JUnitReportReporter -->
<testsuite hostname="Diegos-MBP" failures="0" tests="2" name="BeforeTest_AfterTest_Annotations.Prioratizing_Annotations$firsttestngfile" time="1.638" errors="0" timestamp="2021-09-06T05:52:29 EDT" skipped="0">
  <testcase classname="BeforeTest_AfterTest_Annotations.Prioratizing_Annotations$firsttestngfile" name="register" time="1.163"/>
  <system-out/>
  <testcase classname="BeforeTest_AfterTest_Annotations.Prioratizing_Annotations$firsttestngfile" name="support" time="0.475"/>
  <system-out/>
</testsuite> <!-- BeforeTest_AfterTest_Annotations.Prioratizing_Annotations$firsttestngfile -->
